0 info it worked if it ends with ok
1 verbose cli [ '/usr/local/bin/node', '/usr/local/bin/npm', 'install' ]
2 info using npm@2.14.20
3 info using node@v4.4.0
4 verbose readDependencies loading dependencies from /Users/milan/PhpStormProjects/NodePanel/package.json
5 verbose install where, deps [ '/Users/milan/PhpStormProjects/NodePanel',
5 verbose install   [ 'node-panel-admin', 'node-panel-webserver' ] ]
6 verbose install where, peers [ '/Users/milan/PhpStormProjects/NodePanel', [] ]
7 verbose installManyTop reading for lifecycle /Users/milan/PhpStormProjects/NodePanel/package.json
8 info preinstall NodePanel@0.0.1
9 verbose readDependencies loading dependencies from /Users/milan/PhpStormProjects/NodePanel/package.json
10 silly cache add args [ 'node-panel-webserver@github:components/node-panel-webserver',
10 silly cache add   null ]
11 verbose cache add spec node-panel-webserver@github:components/node-panel-webserver
12 silly cache add args [ 'node-panel-admin@github:components/node-panel-admin', null ]
13 verbose cache add spec node-panel-admin@github:components/node-panel-admin
14 silly cache add parsed spec Result {
14 silly cache add   raw: 'node-panel-webserver@github:components/node-panel-webserver',
14 silly cache add   scope: null,
14 silly cache add   name: 'node-panel-webserver',
14 silly cache add   rawSpec: 'github:components/node-panel-webserver',
14 silly cache add   spec: 'github:components/node-panel-webserver',
14 silly cache add   type: 'hosted',
14 silly cache add   hosted:
14 silly cache add    { type: 'github',
14 silly cache add      ssh: 'git@github.com:components/node-panel-webserver.git',
14 silly cache add      sshUrl: 'git+ssh://git@github.com/components/node-panel-webserver.git',
14 silly cache add      httpsUrl: 'git+https://github.com/components/node-panel-webserver.git',
14 silly cache add      gitUrl: 'git://github.com/components/node-panel-webserver.git',
14 silly cache add      shortcut: 'github:components/node-panel-webserver',
14 silly cache add      directUrl: 'https://raw.githubusercontent.com/components/node-panel-webserver/master/package.json' } }
15 verbose addRemoteGit caching github:components/node-panel-webserver
16 verbose addRemoteGit components/node-panel-webserver is a repository hosted by github
17 silly tryGitProto attempting to clone git://github.com/components/node-panel-webserver.git
18 silly tryClone cloning components/node-panel-webserver via git://github.com/components/node-panel-webserver.git
19 verbose tryClone git-github-com-components-node-panel-webserver-git-9fff6b72 not in flight; caching
20 verbose correctMkdir /Users/milan/.npm/_git-remotes correctMkdir not in flight; initializing
21 silly cache add parsed spec Result {
21 silly cache add   raw: 'node-panel-admin@github:components/node-panel-admin',
21 silly cache add   scope: null,
21 silly cache add   name: 'node-panel-admin',
21 silly cache add   rawSpec: 'github:components/node-panel-admin',
21 silly cache add   spec: 'github:components/node-panel-admin',
21 silly cache add   type: 'hosted',
21 silly cache add   hosted:
21 silly cache add    { type: 'github',
21 silly cache add      ssh: 'git@github.com:components/node-panel-admin.git',
21 silly cache add      sshUrl: 'git+ssh://git@github.com/components/node-panel-admin.git',
21 silly cache add      httpsUrl: 'git+https://github.com/components/node-panel-admin.git',
21 silly cache add      gitUrl: 'git://github.com/components/node-panel-admin.git',
21 silly cache add      shortcut: 'github:components/node-panel-admin',
21 silly cache add      directUrl: 'https://raw.githubusercontent.com/components/node-panel-admin/master/package.json' } }
22 verbose addRemoteGit caching github:components/node-panel-admin
23 verbose addRemoteGit components/node-panel-admin is a repository hosted by github
24 silly tryGitProto attempting to clone git://github.com/components/node-panel-admin.git
25 silly tryClone cloning components/node-panel-admin via git://github.com/components/node-panel-admin.git
26 verbose tryClone git-github-com-components-node-panel-admin-git-25ef4ada not in flight; caching
27 verbose correctMkdir /Users/milan/.npm/_git-remotes correctMkdir already in flight; waiting
28 info git [ 'config', '--get', 'remote.origin.url' ]
29 info git [ 'config', '--get', 'remote.origin.url' ]
30 warn addRemoteGit components/node-panel-webserver resetting remote /Users/milan/.npm/_git-remotes/git-github-com-components-node-panel-webserver-git-9fff6b72 because of error: xcrun: error: active developer path ("/Applications/Xcode.app/Contents/Developer") does not exist, use `xcode-select --switch path/to/Xcode.app` to specify the Xcode that you wish to use for command line developer tools (or see `man xcode-select`)
31 info resetRemote resetting /Users/milan/.npm/_git-remotes/git-github-com-components-node-panel-webserver-git-9fff6b72 for components/node-panel-webserver
32 silly gentlyRm /Users/milan/.npm/_git-remotes/git-github-com-components-node-panel-webserver-git-9fff6b72 is being purged
33 verbose gentlyRm don't care about contents; nuking /Users/milan/.npm/_git-remotes/git-github-com-components-node-panel-webserver-git-9fff6b72
34 silly vacuum-fs purging /Users/milan/.npm/_git-remotes/git-github-com-components-node-panel-webserver-git-9fff6b72
35 warn addRemoteGit components/node-panel-admin resetting remote /Users/milan/.npm/_git-remotes/git-github-com-components-node-panel-admin-git-25ef4ada because of error: xcrun: error: active developer path ("/Applications/Xcode.app/Contents/Developer") does not exist, use `xcode-select --switch path/to/Xcode.app` to specify the Xcode that you wish to use for command line developer tools (or see `man xcode-select`)
36 info resetRemote resetting /Users/milan/.npm/_git-remotes/git-github-com-components-node-panel-admin-git-25ef4ada for components/node-panel-admin
37 silly gentlyRm /Users/milan/.npm/_git-remotes/git-github-com-components-node-panel-admin-git-25ef4ada is being purged
38 verbose gentlyRm don't care about contents; nuking /Users/milan/.npm/_git-remotes/git-github-com-components-node-panel-admin-git-25ef4ada
39 silly vacuum-fs purging /Users/milan/.npm/_git-remotes/git-github-com-components-node-panel-admin-git-25ef4ada
40 silly vacuum-fs quitting because other entries in /Users/milan/.npm/_git-remotes
41 silly vacuum-fs quitting because other entries in /Users/milan/.npm/_git-remotes
42 info git [ 'clone',
42 info git   '--template=/Users/milan/.npm/_git-remotes/_templates',
42 info git   '--mirror',
42 info git   'git://github.com/components/node-panel-webserver.git',
42 info git   '/Users/milan/.npm/_git-remotes/git-github-com-components-node-panel-webserver-git-9fff6b72' ]
43 info git [ 'clone',
43 info git   '--template=/Users/milan/.npm/_git-remotes/_templates',
43 info git   '--mirror',
43 info git   'git://github.com/components/node-panel-admin.git',
43 info git   '/Users/milan/.npm/_git-remotes/git-github-com-components-node-panel-admin-git-25ef4ada' ]
44 error git clone --template=/Users/milan/.npm/_git-remotes/_templates --mirror git://github.com/components/node-panel-webserver.git /Users/milan/.npm/_git-remotes/git-github-com-components-node-panel-webserver-git-9fff6b72: xcrun: error: active developer path ("/Applications/Xcode.app/Contents/Developer") does not exist, use `xcode-select --switch path/to/Xcode.app` to specify the Xcode that you wish to use for command line developer tools (or see `man xcode-select`)
45 silly tryHTTPS attempting to clone git+https://github.com/components/node-panel-webserver.git
46 silly tryClone cloning components/node-panel-webserver via git+https://github.com/components/node-panel-webserver.git
47 verbose tryClone https-github-com-components-node-panel-webserver-git-1860d43c not in flight; caching
48 verbose correctMkdir /Users/milan/.npm/_git-remotes correctMkdir not in flight; initializing
49 error git clone --template=/Users/milan/.npm/_git-remotes/_templates --mirror git://github.com/components/node-panel-admin.git /Users/milan/.npm/_git-remotes/git-github-com-components-node-panel-admin-git-25ef4ada: xcrun: error: active developer path ("/Applications/Xcode.app/Contents/Developer") does not exist, use `xcode-select --switch path/to/Xcode.app` to specify the Xcode that you wish to use for command line developer tools (or see `man xcode-select`)
50 silly tryHTTPS attempting to clone git+https://github.com/components/node-panel-admin.git
51 silly tryClone cloning components/node-panel-admin via git+https://github.com/components/node-panel-admin.git
52 verbose tryClone https-github-com-components-node-panel-admin-git-4f0ab4ff not in flight; caching
53 verbose correctMkdir /Users/milan/.npm/_git-remotes correctMkdir not in flight; initializing
54 info git [ 'config', '--get', 'remote.origin.url' ]
55 info git [ 'config', '--get', 'remote.origin.url' ]
56 warn addRemoteGit components/node-panel-webserver resetting remote /Users/milan/.npm/_git-remotes/https-github-com-components-node-panel-webserver-git-1860d43c because of error: xcrun: error: active developer path ("/Applications/Xcode.app/Contents/Developer") does not exist, use `xcode-select --switch path/to/Xcode.app` to specify the Xcode that you wish to use for command line developer tools (or see `man xcode-select`)
57 info resetRemote resetting /Users/milan/.npm/_git-remotes/https-github-com-components-node-panel-webserver-git-1860d43c for components/node-panel-webserver
58 silly gentlyRm /Users/milan/.npm/_git-remotes/https-github-com-components-node-panel-webserver-git-1860d43c is being purged
59 verbose gentlyRm don't care about contents; nuking /Users/milan/.npm/_git-remotes/https-github-com-components-node-panel-webserver-git-1860d43c
60 silly vacuum-fs purging /Users/milan/.npm/_git-remotes/https-github-com-components-node-panel-webserver-git-1860d43c
61 warn addRemoteGit components/node-panel-admin resetting remote /Users/milan/.npm/_git-remotes/https-github-com-components-node-panel-admin-git-4f0ab4ff because of error: xcrun: error: active developer path ("/Applications/Xcode.app/Contents/Developer") does not exist, use `xcode-select --switch path/to/Xcode.app` to specify the Xcode that you wish to use for command line developer tools (or see `man xcode-select`)
62 info resetRemote resetting /Users/milan/.npm/_git-remotes/https-github-com-components-node-panel-admin-git-4f0ab4ff for components/node-panel-admin
63 silly gentlyRm /Users/milan/.npm/_git-remotes/https-github-com-components-node-panel-admin-git-4f0ab4ff is being purged
64 verbose gentlyRm don't care about contents; nuking /Users/milan/.npm/_git-remotes/https-github-com-components-node-panel-admin-git-4f0ab4ff
65 silly vacuum-fs purging /Users/milan/.npm/_git-remotes/https-github-com-components-node-panel-admin-git-4f0ab4ff
66 silly vacuum-fs quitting because other entries in /Users/milan/.npm/_git-remotes
67 silly vacuum-fs quitting because other entries in /Users/milan/.npm/_git-remotes
68 info git [ 'clone',
68 info git   '--template=/Users/milan/.npm/_git-remotes/_templates',
68 info git   '--mirror',
68 info git   'https://github.com/components/node-panel-webserver.git',
68 info git   '/Users/milan/.npm/_git-remotes/https-github-com-components-node-panel-webserver-git-1860d43c' ]
69 info git [ 'clone',
69 info git   '--template=/Users/milan/.npm/_git-remotes/_templates',
69 info git   '--mirror',
69 info git   'https://github.com/components/node-panel-admin.git',
69 info git   '/Users/milan/.npm/_git-remotes/https-github-com-components-node-panel-admin-git-4f0ab4ff' ]
70 error git clone --template=/Users/milan/.npm/_git-remotes/_templates --mirror https://github.com/components/node-panel-webserver.git /Users/milan/.npm/_git-remotes/https-github-com-components-node-panel-webserver-git-1860d43c: xcrun: error: active developer path ("/Applications/Xcode.app/Contents/Developer") does not exist, use `xcode-select --switch path/to/Xcode.app` to specify the Xcode that you wish to use for command line developer tools (or see `man xcode-select`)
71 silly trySSH attempting to clone git@github.com:components/node-panel-webserver.git
72 silly tryClone cloning components/node-panel-webserver via git@github.com:components/node-panel-webserver.git
73 verbose tryClone git-github-com-components-node-panel-webserver-git-3241f9a7 not in flight; caching
74 verbose correctMkdir /Users/milan/.npm/_git-remotes correctMkdir not in flight; initializing
75 error git clone --template=/Users/milan/.npm/_git-remotes/_templates --mirror https://github.com/components/node-panel-admin.git /Users/milan/.npm/_git-remotes/https-github-com-components-node-panel-admin-git-4f0ab4ff: xcrun: error: active developer path ("/Applications/Xcode.app/Contents/Developer") does not exist, use `xcode-select --switch path/to/Xcode.app` to specify the Xcode that you wish to use for command line developer tools (or see `man xcode-select`)
76 silly trySSH attempting to clone git@github.com:components/node-panel-admin.git
77 silly tryClone cloning components/node-panel-admin via git@github.com:components/node-panel-admin.git
78 verbose tryClone git-github-com-components-node-panel-admin-git-cb76b694 not in flight; caching
79 verbose correctMkdir /Users/milan/.npm/_git-remotes correctMkdir not in flight; initializing
80 info git [ 'config', '--get', 'remote.origin.url' ]
81 info git [ 'config', '--get', 'remote.origin.url' ]
82 warn addRemoteGit components/node-panel-webserver resetting remote /Users/milan/.npm/_git-remotes/git-github-com-components-node-panel-webserver-git-3241f9a7 because of error: xcrun: error: active developer path ("/Applications/Xcode.app/Contents/Developer") does not exist, use `xcode-select --switch path/to/Xcode.app` to specify the Xcode that you wish to use for command line developer tools (or see `man xcode-select`)
83 info resetRemote resetting /Users/milan/.npm/_git-remotes/git-github-com-components-node-panel-webserver-git-3241f9a7 for components/node-panel-webserver
84 silly gentlyRm /Users/milan/.npm/_git-remotes/git-github-com-components-node-panel-webserver-git-3241f9a7 is being purged
85 verbose gentlyRm don't care about contents; nuking /Users/milan/.npm/_git-remotes/git-github-com-components-node-panel-webserver-git-3241f9a7
86 silly vacuum-fs purging /Users/milan/.npm/_git-remotes/git-github-com-components-node-panel-webserver-git-3241f9a7
87 warn addRemoteGit components/node-panel-admin resetting remote /Users/milan/.npm/_git-remotes/git-github-com-components-node-panel-admin-git-cb76b694 because of error: xcrun: error: active developer path ("/Applications/Xcode.app/Contents/Developer") does not exist, use `xcode-select --switch path/to/Xcode.app` to specify the Xcode that you wish to use for command line developer tools (or see `man xcode-select`)
88 info resetRemote resetting /Users/milan/.npm/_git-remotes/git-github-com-components-node-panel-admin-git-cb76b694 for components/node-panel-admin
89 silly gentlyRm /Users/milan/.npm/_git-remotes/git-github-com-components-node-panel-admin-git-cb76b694 is being purged
90 verbose gentlyRm don't care about contents; nuking /Users/milan/.npm/_git-remotes/git-github-com-components-node-panel-admin-git-cb76b694
91 silly vacuum-fs purging /Users/milan/.npm/_git-remotes/git-github-com-components-node-panel-admin-git-cb76b694
92 silly vacuum-fs quitting because other entries in /Users/milan/.npm/_git-remotes
93 silly vacuum-fs quitting because other entries in /Users/milan/.npm/_git-remotes
94 info git [ 'clone',
94 info git   '--template=/Users/milan/.npm/_git-remotes/_templates',
94 info git   '--mirror',
94 info git   'git@github.com:components/node-panel-webserver.git',
94 info git   '/Users/milan/.npm/_git-remotes/git-github-com-components-node-panel-webserver-git-3241f9a7' ]
95 info git [ 'clone',
95 info git   '--template=/Users/milan/.npm/_git-remotes/_templates',
95 info git   '--mirror',
95 info git   'git@github.com:components/node-panel-admin.git',
95 info git   '/Users/milan/.npm/_git-remotes/git-github-com-components-node-panel-admin-git-cb76b694' ]
96 error git clone --template=/Users/milan/.npm/_git-remotes/_templates --mirror git@github.com:components/node-panel-webserver.git /Users/milan/.npm/_git-remotes/git-github-com-components-node-panel-webserver-git-3241f9a7: xcrun: error: active developer path ("/Applications/Xcode.app/Contents/Developer") does not exist, use `xcode-select --switch path/to/Xcode.app` to specify the Xcode that you wish to use for command line developer tools (or see `man xcode-select`)
97 error git clone --template=/Users/milan/.npm/_git-remotes/_templates --mirror git@github.com:components/node-panel-admin.git /Users/milan/.npm/_git-remotes/git-github-com-components-node-panel-admin-git-cb76b694: xcrun: error: active developer path ("/Applications/Xcode.app/Contents/Developer") does not exist, use `xcode-select --switch path/to/Xcode.app` to specify the Xcode that you wish to use for command line developer tools (or see `man xcode-select`)
98 verbose stack Error: Command failed: git clone --template=/Users/milan/.npm/_git-remotes/_templates --mirror git@github.com:components/node-panel-webserver.git /Users/milan/.npm/_git-remotes/git-github-com-components-node-panel-webserver-git-3241f9a7
98 verbose stack xcrun: error: active developer path ("/Applications/Xcode.app/Contents/Developer") does not exist, use `xcode-select --switch path/to/Xcode.app` to specify the Xcode that you wish to use for command line developer tools (or see `man xcode-select`)
98 verbose stack
98 verbose stack     at ChildProcess.exithandler (child_process.js:213:12)
98 verbose stack     at emitTwo (events.js:87:13)
98 verbose stack     at ChildProcess.emit (events.js:172:7)
98 verbose stack     at maybeClose (internal/child_process.js:827:16)
98 verbose stack     at Socket.<anonymous> (internal/child_process.js:319:11)
98 verbose stack     at emitOne (events.js:77:13)
98 verbose stack     at Socket.emit (events.js:169:7)
98 verbose stack     at Pipe._onclose (net.js:475:12)
99 verbose cwd /Users/milan/PhpStormProjects/NodePanel
100 error Darwin 15.3.0
101 error argv "/usr/local/bin/node" "/usr/local/bin/npm" "install"
102 error node v4.4.0
103 error npm  v2.14.20
104 error code 1
105 error Command failed: git clone --template=/Users/milan/.npm/_git-remotes/_templates --mirror git@github.com:components/node-panel-webserver.git /Users/milan/.npm/_git-remotes/git-github-com-components-node-panel-webserver-git-3241f9a7
105 error xcrun: error: active developer path ("/Applications/Xcode.app/Contents/Developer") does not exist, use `xcode-select --switch path/to/Xcode.app` to specify the Xcode that you wish to use for command line developer tools (or see `man xcode-select`)
106 error If you need help, you may report this error at:
106 error     <https://github.com/npm/npm/issues>
107 verbose exit [ 1, true ]
